0 info it worked if it ends with ok
1 verbose cli [ '/usr/local/Cellar/node/5.11.0/bin/node',
1 verbose cli   '/usr/local/bin/npm',
1 verbose cli   'start' ]
2 info using npm@3.8.6
3 info using node@v5.11.0
4 verbose run-script [ 'prestart', 'start', 'poststart' ]
5 info lifecycle hexawars-npm@0.0.0~prestart: hexawars-npm@0.0.0
6 verbose lifecycle hexawars-npm@0.0.0~prestart: unsafe-perm in lifecycle true
7 verbose lifecycle hexawars-npm@0.0.0~prestart: PATH: /usr/local/lib/node_modules/npm/bin/node-gyp-bin:/Users/graham/Dropbox/workspace/HexaWars/angular-flask-master/node_modules/.bin:/usr/local/Cellar/node/5.11.0/bin:/Library/Frameworks/Python.framework/Versions/3.4/bin:/usr/local/bin:/usr/local/bin:/usr/bin:/bin:/usr/sbin:/sbin:/usr/texbin:/usr/lib/ruby/gems/1.8/bin:/Users/graham/.rvm/bin
8 verbose lifecycle hexawars-npm@0.0.0~prestart: CWD: /Users/graham/Dropbox/workspace/HexaWars/angular-flask-master
9 silly lifecycle hexawars-npm@0.0.0~prestart: Args: [ '-c', 'npm install' ]
10 silly lifecycle hexawars-npm@0.0.0~prestart: Returned: code: 0  signal: null
11 info lifecycle hexawars-npm@0.0.0~start: hexawars-npm@0.0.0
12 verbose lifecycle hexawars-npm@0.0.0~start: unsafe-perm in lifecycle true
13 verbose lifecycle hexawars-npm@0.0.0~start: PATH: /usr/local/lib/node_modules/npm/bin/node-gyp-bin:/Users/graham/Dropbox/workspace/HexaWars/angular-flask-master/node_modules/.bin:/usr/local/Cellar/node/5.11.0/bin:/Library/Frameworks/Python.framework/Versions/3.4/bin:/usr/local/bin:/usr/local/bin:/usr/bin:/bin:/usr/sbin:/sbin:/usr/texbin:/usr/lib/ruby/gems/1.8/bin:/Users/graham/.rvm/bin
14 verbose lifecycle hexawars-npm@0.0.0~start: CWD: /Users/graham/Dropbox/workspace/HexaWars/angular-flask-master
15 silly lifecycle hexawars-npm@0.0.0~start: Args: [ '-c', 'python runserver.py' ]
16 silly lifecycle hexawars-npm@0.0.0~start: Returned: code: 1  signal: null
17 info lifecycle hexawars-npm@0.0.0~start: Failed to exec start script
18 verbose stack Error: hexawars-npm@0.0.0 start: `python runserver.py`
18 verbose stack Exit status 1
18 verbose stack     at EventEmitter.<anonymous> (/usr/local/lib/node_modules/npm/lib/utils/lifecycle.js:239:16)
18 verbose stack     at emitTwo (events.js:100:13)
18 verbose stack     at EventEmitter.emit (events.js:185:7)
18 verbose stack     at ChildProcess.<anonymous> (/usr/local/lib/node_modules/npm/lib/utils/spawn.js:24:14)
18 verbose stack     at emitTwo (events.js:100:13)
18 verbose stack     at ChildProcess.emit (events.js:185:7)
18 verbose stack     at maybeClose (internal/child_process.js:850:16)
18 verbose stack     at Process.ChildProcess._handle.onexit (internal/child_process.js:215:5)
19 verbose pkgid hexawars-npm@0.0.0
20 verbose cwd /Users/graham/Dropbox/workspace/HexaWars/angular-flask-master
21 error Darwin 15.0.0
22 error argv "/usr/local/Cellar/node/5.11.0/bin/node" "/usr/local/bin/npm" "start"
23 error node v5.11.0
24 error npm  v3.8.6
25 error code ELIFECYCLE
26 error hexawars-npm@0.0.0 start: `python runserver.py`
26 error Exit status 1
27 error Failed at the hexawars-npm@0.0.0 start script 'python runserver.py'.
27 error Make sure you have the latest version of node.js and npm installed.
27 error If you do, this is most likely a problem with the hexawars-npm package,
27 error not with npm itself.
27 error Tell the author that this fails on your system:
27 error     python runserver.py
27 error You can get information on how to open an issue for this project with:
27 error     npm bugs hexawars-npm
27 error Or if that isn't available, you can get their info via:
27 error     npm owner ls hexawars-npm
27 error There is likely additional logging output above.
28 verbose exit [ 1, true ]
